[37m2023-06-07T17:45:05.372+0530[0;39m [34mINFO [0;39m [[36mtraceId: [0;39m] [[36msourceIp: [0;39m] [[36muserId: [0;39m] [[32mrestartedMain[0;39m] [33mc.B.S.ShopElectricApplication[0;39m::[35m?[0;39m: - Starting ShopElectricApplication using Java 17.0.6 on DESKTOP-LT87025 with PID 7076 (G:\Intellij Projects\Shop_Electric\target\classes started by RAJ COMPUTER in G:\Intellij Projects\Shop_Electric)
[37m2023-06-07T17:45:05.374+0530[0;39m [39mDEBUG[0;39m [[36mtraceId: [0;39m] [[36msourceIp: [0;39m] [[36muserId: [0;39m] [[32mrestartedMain[0;39m] [33mc.B.S.ShopElectricApplication[0;39m::[35m?[0;39m: - Running with Spring Boot v2.7.12, Spring v5.3.27
[37m2023-06-07T17:45:05.375+0530[0;39m [34mINFO [0;39m [[36mtraceId: [0;39m] [[36msourceIp: [0;39m] [[36muserId: [0;39m] [[32mrestartedMain[0;39m] [33mc.B.S.ShopElectricApplication[0;39m::[35m?[0;39m: - No active profile set, falling back to 1 default profile: "default"
[37m2023-06-07T17:45:05.585+0530[0;39m [34mINFO [0;39m [[36mtraceId: [0;39m] [[36msourceIp: [0;39m] [[36muserId: [0;39m] [[32mrestartedMain[0;39m] [33mo.s.b.d.e.DevToolsPropertyDefaultsPostProcessor[0;39m::[35m?[0;39m: - Devtools property defaults active! Set 'spring.devtools.add-properties' to 'false' to disable
[37m2023-06-07T17:45:05.585+0530[0;39m [34mINFO [0;39m [[36mtraceId: [0;39m] [[36msourceIp: [0;39m] [[36muserId: [0;39m] [[32mrestartedMain[0;39m] [33mo.s.b.d.e.DevToolsPropertyDefaultsPostProcessor[0;39m::[35m?[0;39m: - For additional web related logging consider setting the 'logging.level.web' property to 'DEBUG'
[37m2023-06-07T17:45:06.837+0530[0;39m [34mINFO [0;39m [[36mtraceId: [0;39m] [[36msourceIp: [0;39m] [[36muserId: [0;39m] [[32mrestartedMain[0;39m] [33mo.s.d.r.c.RepositoryConfigurationDelegate[0;39m::[35m?[0;39m: - Bootstrapping Spring Data JPA repositories in DEFAULT mode.
[37m2023-06-07T17:45:07.104+0530[0;39m [34mINFO [0;39m [[36mtraceId: [0;39m] [[36msourceIp: [0;39m] [[36muserId: [0;39m] [[32mrestartedMain[0;39m] [33mo.s.d.r.c.RepositoryConfigurationDelegate[0;39m::[35m?[0;39m: - Finished Spring Data repository scanning in 250 ms. Found 1 JPA repository interfaces.
[37m2023-06-07T17:45:08.254+0530[0;39m [39mDEBUG[0;39m [[36mtraceId: [0;39m] [[36msourceIp: [0;39m] [[36muserId: [0;39m] [[32mrestartedMain[0;39m] [33mc.z.h.HikariConfig[0;39m::[35m?[0;39m: - Driver class com.mysql.cj.jdbc.Driver found in Thread context class loader org.springframework.boot.devtools.restart.classloader.RestartClassLoader@5e8c00fa
[37m2023-06-07T17:45:08.531+0530[0;39m [34mINFO [0;39m [[36mtraceId: [0;39m] [[36msourceIp: [0;39m] [[36muserId: [0;39m] [[32mrestartedMain[0;39m] [33mo.h.j.i.u.LogHelper[0;39m::[35m?[0;39m: - HHH000204: Processing PersistenceUnitInfo [name: default]
[37m2023-06-07T17:45:08.672+0530[0;39m [34mINFO [0;39m [[36mtraceId: [0;39m] [[36msourceIp: [0;39m] [[36muserId: [0;39m] [[32mrestartedMain[0;39m] [33mo.hibernate.Version[0;39m::[35m?[0;39m: - HHH000412: Hibernate ORM core version 5.6.15.Final
[37m2023-06-07T17:45:09.020+0530[0;39m [34mINFO [0;39m [[36mtraceId: [0;39m] [[36msourceIp: [0;39m] [[36muserId: [0;39m] [[32mrestartedMain[0;39m] [33mo.h.a.common.Version[0;39m::[35m?[0;39m: - HCANN000001: Hibernate Commons Annotations {5.1.2.Final}
[37m2023-06-07T17:45:09.348+0530[0;39m [39mDEBUG[0;39m [[36mtraceId: [0;39m] [[36msourceIp: [0;39m] [[36muserId: [0;39m] [[32mrestartedMain[0;39m] [33mc.z.h.HikariConfig[0;39m::[35m?[0;39m: - HikariPool-1 - configuration:
[37m2023-06-07T17:45:09.352+0530[0;39m [39mDEBUG[0;39m [[36mtraceId: [0;39m] [[36msourceIp: [0;39m] [[36muserId: [0;39m] [[32mrestartedMain[0;39m] [33mc.z.h.HikariConfig[0;39m::[35m?[0;39m: - allowPoolSuspension................................false
[37m2023-06-07T17:45:09.352+0530[0;39m [39mDEBUG[0;39m [[36mtraceId: [0;39m] [[36msourceIp: [0;39m] [[36muserId: [0;39m] [[32mrestartedMain[0;39m] [33mc.z.h.HikariConfig[0;39m::[35m?[0;39m: - autoCommit................................true
[37m2023-06-07T17:45:09.352+0530[0;39m [39mDEBUG[0;39m [[36mtraceId: [0;39m] [[36msourceIp: [0;39m] [[36muserId: [0;39m] [[32mrestartedMain[0;39m] [33mc.z.h.HikariConfig[0;39m::[35m?[0;39m: - catalog................................none
[37m2023-06-07T17:45:09.352+0530[0;39m [39mDEBUG[0;39m [[36mtraceId: [0;39m] [[36msourceIp: [0;39m] [[36muserId: [0;39m] [[32mrestartedMain[0;39m] [33mc.z.h.HikariConfig[0;39m::[35m?[0;39m: - connectionInitSql................................none
[37m2023-06-07T17:45:09.353+0530[0;39m [39mDEBUG[0;39m [[36mtraceId: [0;39m] [[36msourceIp: [0;39m] [[36muserId: [0;39m] [[32mrestartedMain[0;39m] [33mc.z.h.HikariConfig[0;39m::[35m?[0;39m: - connectionTestQuery................................none
[37m2023-06-07T17:45:09.353+0530[0;39m [39mDEBUG[0;39m [[36mtraceId: [0;39m] [[36msourceIp: [0;39m] [[36muserId: [0;39m] [[32mrestartedMain[0;39m] [33mc.z.h.HikariConfig[0;39m::[35m?[0;39m: - connectionTimeout................................30000
[37m2023-06-07T17:45:09.353+0530[0;39m [39mDEBUG[0;39m [[36mtraceId: [0;39m] [[36msourceIp: [0;39m] [[36muserId: [0;39m] [[32mrestartedMain[0;39m] [33mc.z.h.HikariConfig[0;39m::[35m?[0;39m: - dataSource................................none
[37m2023-06-07T17:45:09.353+0530[0;39m [39mDEBUG[0;39m [[36mtraceId: [0;39m] [[36msourceIp: [0;39m] [[36muserId: [0;39m] [[32mrestartedMain[0;39m] [33mc.z.h.HikariConfig[0;39m::[35m?[0;39m: - dataSourceClassName................................none
[37m2023-06-07T17:45:09.353+0530[0;39m [39mDEBUG[0;39m [[36mtraceId: [0;39m] [[36msourceIp: [0;39m] [[36muserId: [0;39m] [[32mrestartedMain[0;39m] [33mc.z.h.HikariConfig[0;39m::[35m?[0;39m: - dataSourceJNDI................................none
[37m2023-06-07T17:45:09.354+0530[0;39m [39mDEBUG[0;39m [[36mtraceId: [0;39m] [[36msourceIp: [0;39m] [[36muserId: [0;39m] [[32mrestartedMain[0;39m] [33mc.z.h.HikariConfig[0;39m::[35m?[0;39m: - dataSourceProperties................................{password=<masked>}
[37m2023-06-07T17:45:09.354+0530[0;39m [39mDEBUG[0;39m [[36mtraceId: [0;39m] [[36msourceIp: [0;39m] [[36muserId: [0;39m] [[32mrestartedMain[0;39m] [33mc.z.h.HikariConfig[0;39m::[35m?[0;39m: - driverClassName................................"com.mysql.cj.jdbc.Driver"
[37m2023-06-07T17:45:09.354+0530[0;39m [39mDEBUG[0;39m [[36mtraceId: [0;39m] [[36msourceIp: [0;39m] [[36muserId: [0;39m] [[32mrestartedMain[0;39m] [33mc.z.h.HikariConfig[0;39m::[35m?[0;39m: - exceptionOverrideClassName................................none
[37m2023-06-07T17:45:09.354+0530[0;39m [39mDEBUG[0;39m [[36mtraceId: [0;39m] [[36msourceIp: [0;39m] [[36muserId: [0;39m] [[32mrestartedMain[0;39m] [33mc.z.h.HikariConfig[0;39m::[35m?[0;39m: - healthCheckProperties................................{}
[37m2023-06-07T17:45:09.354+0530[0;39m [39mDEBUG[0;39m [[36mtraceId: [0;39m] [[36msourceIp: [0;39m] [[36muserId: [0;39m] [[32mrestartedMain[0;39m] [33mc.z.h.HikariConfig[0;39m::[35m?[0;39m: - healthCheckRegistry................................none
[37m2023-06-07T17:45:09.354+0530[0;39m [39mDEBUG[0;39m [[36mtraceId: [0;39m] [[36msourceIp: [0;39m] [[36muserId: [0;39m] [[32mrestartedMain[0;39m] [33mc.z.h.HikariConfig[0;39m::[35m?[0;39m: - idleTimeout................................600000
[37m2023-06-07T17:45:09.354+0530[0;39m [39mDEBUG[0;39m [[36mtraceId: [0;39m] [[36msourceIp: [0;39m] [[36muserId: [0;39m] [[32mrestartedMain[0;39m] [33mc.z.h.HikariConfig[0;39m::[35m?[0;39m: - initializationFailTimeout................................1
[37m2023-06-07T17:45:09.355+0530[0;39m [39mDEBUG[0;39m [[36mtraceId: [0;39m] [[36msourceIp: [0;39m] [[36muserId: [0;39m] [[32mrestartedMain[0;39m] [33mc.z.h.HikariConfig[0;39m::[35m?[0;39m: - isolateInternalQueries................................false
[37m2023-06-07T17:45:09.355+0530[0;39m [39mDEBUG[0;39m [[36mtraceId: [0;39m] [[36msourceIp: [0;39m] [[36muserId: [0;39m] [[32mrestartedMain[0;39m] [33mc.z.h.HikariConfig[0;39m::[35m?[0;39m: - jdbcUrl................................jdbc:mysql://localhost:3306/electric_shop
[37m2023-06-07T17:45:09.355+0530[0;39m [39mDEBUG[0;39m [[36mtraceId: [0;39m] [[36msourceIp: [0;39m] [[36muserId: [0;39m] [[32mrestartedMain[0;39m] [33mc.z.h.HikariConfig[0;39m::[35m?[0;39m: - keepaliveTime................................0
[37m2023-06-07T17:45:09.355+0530[0;39m [39mDEBUG[0;39m [[36mtraceId: [0;39m] [[36msourceIp: [0;39m] [[36muserId: [0;39m] [[32mrestartedMain[0;39m] [33mc.z.h.HikariConfig[0;39m::[35m?[0;39m: - leakDetectionThreshold................................0
[37m2023-06-07T17:45:09.355+0530[0;39m [39mDEBUG[0;39m [[36mtraceId: [0;39m] [[36msourceIp: [0;39m] [[36muserId: [0;39m] [[32mrestartedMain[0;39m] [33mc.z.h.HikariConfig[0;39m::[35m?[0;39m: - maxLifetime................................1800000
[37m2023-06-07T17:45:09.355+0530[0;39m [39mDEBUG[0;39m [[36mtraceId: [0;39m] [[36msourceIp: [0;39m] [[36muserId: [0;39m] [[32mrestartedMain[0;39m] [33mc.z.h.HikariConfig[0;39m::[35m?[0;39m: - maximumPoolSize................................10
[37m2023-06-07T17:45:09.355+0530[0;39m [39mDEBUG[0;39m [[36mtraceId: [0;39m] [[36msourceIp: [0;39m] [[36muserId: [0;39m] [[32mrestartedMain[0;39m] [33mc.z.h.HikariConfig[0;39m::[35m?[0;39m: - metricRegistry................................none
[37m2023-06-07T17:45:09.355+0530[0;39m [39mDEBUG[0;39m [[36mtraceId: [0;39m] [[36msourceIp: [0;39m] [[36muserId: [0;39m] [[32mrestartedMain[0;39m] [33mc.z.h.HikariConfig[0;39m::[35m?[0;39m: - metricsTrackerFactory................................none
[37m2023-06-07T17:45:09.355+0530[0;39m [39mDEBUG[0;39m [[36mtraceId: [0;39m] [[36msourceIp: [0;39m] [[36muserId: [0;39m] [[32mrestartedMain[0;39m] [33mc.z.h.HikariConfig[0;39m::[35m?[0;39m: - minimumIdle................................10
[37m2023-06-07T17:45:09.355+0530[0;39m [39mDEBUG[0;39m [[36mtraceId: [0;39m] [[36msourceIp: [0;39m] [[36muserId: [0;39m] [[32mrestartedMain[0;39m] [33mc.z.h.HikariConfig[0;39m::[35m?[0;39m: - password................................<masked>
[37m2023-06-07T17:45:09.356+0530[0;39m [39mDEBUG[0;39m [[36mtraceId: [0;39m] [[36msourceIp: [0;39m] [[36muserId: [0;39m] [[32mrestartedMain[0;39m] [33mc.z.h.HikariConfig[0;39m::[35m?[0;39m: - poolName................................"HikariPool-1"
[37m2023-06-07T17:45:09.356+0530[0;39m [39mDEBUG[0;39m [[36mtraceId: [0;39m] [[36msourceIp: [0;39m] [[36muserId: [0;39m] [[32mrestartedMain[0;39m] [33mc.z.h.HikariConfig[0;39m::[35m?[0;39m: - readOnly................................false
[37m2023-06-07T17:45:09.356+0530[0;39m [39mDEBUG[0;39m [[36mtraceId: [0;39m] [[36msourceIp: [0;39m] [[36muserId: [0;39m] [[32mrestartedMain[0;39m] [33mc.z.h.HikariConfig[0;39m::[35m?[0;39m: - registerMbeans................................false
[37m2023-06-07T17:45:09.356+0530[0;39m [39mDEBUG[0;39m [[36mtraceId: [0;39m] [[36msourceIp: [0;39m] [[36muserId: [0;39m] [[32mrestartedMain[0;39m] [33mc.z.h.HikariConfig[0;39m::[35m?[0;39m: - scheduledExecutor................................none
[37m2023-06-07T17:45:09.356+0530[0;39m [39mDEBUG[0;39m [[36mtraceId: [0;39m] [[36msourceIp: [0;39m] [[36muserId: [0;39m] [[32mrestartedMain[0;39m] [33mc.z.h.HikariConfig[0;39m::[35m?[0;39m: - schema................................none
[37m2023-06-07T17:45:09.356+0530[0;39m [39mDEBUG[0;39m [[36mtraceId: [0;39m] [[36msourceIp: [0;39m] [[36muserId: [0;39m] [[32mrestartedMain[0;39m] [33mc.z.h.HikariConfig[0;39m::[35m?[0;39m: - threadFactory................................internal
[37m2023-06-07T17:45:09.356+0530[0;39m [39mDEBUG[0;39m [[36mtraceId: [0;39m] [[36msourceIp: [0;39m] [[36muserId: [0;39m] [[32mrestartedMain[0;39m] [33mc.z.h.HikariConfig[0;39m::[35m?[0;39m: - transactionIsolation................................default
[37m2023-06-07T17:45:09.356+0530[0;39m [39mDEBUG[0;39m [[36mtraceId: [0;39m] [[36msourceIp: [0;39m] [[36muserId: [0;39m] [[32mrestartedMain[0;39m] [33mc.z.h.HikariConfig[0;39m::[35m?[0;39m: - username................................"root"
[37m2023-06-07T17:45:09.356+0530[0;39m [39mDEBUG[0;39m [[36mtraceId: [0;39m] [[36msourceIp: [0;39m] [[36muserId: [0;39m] [[32mrestartedMain[0;39m] [33mc.z.h.HikariConfig[0;39m::[35m?[0;39m: - validationTimeout................................5000
[37m2023-06-07T17:45:09.356+0530[0;39m [34mINFO [0;39m [[36mtraceId: [0;39m] [[36msourceIp: [0;39m] [[36muserId: [0;39m] [[32mrestartedMain[0;39m] [33mc.z.h.HikariDataSource[0;39m::[35m?[0;39m: - HikariPool-1 - Starting...
[37m2023-06-07T17:45:10.067+0530[0;39m [39mDEBUG[0;39m [[36mtraceId: [0;39m] [[36msourceIp: [0;39m] [[36muserId: [0;39m] [[32mrestartedMain[0;39m] [33mc.z.h.p.HikariPool[0;39m::[35m?[0;39m: - HikariPool-1 - Added connection com.mysql.cj.jdbc.ConnectionImpl@718124b1
[37m2023-06-07T17:45:10.069+0530[0;39m [34mINFO [0;39m [[36mtraceId: [0;39m] [[36msourceIp: [0;39m] [[36muserId: [0;39m] [[32mrestartedMain[0;39m] [33mc.z.h.HikariDataSource[0;39m::[35m?[0;39m: - HikariPool-1 - Start completed.
[37m2023-06-07T17:45:10.102+0530[0;39m [34mINFO [0;39m [[36mtraceId: [0;39m] [[36msourceIp: [0;39m] [[36muserId: [0;39m] [[32mrestartedMain[0;39m] [33mo.h.dialect.Dialect[0;39m::[35m?[0;39m: - HHH000400: Using dialect: org.hibernate.dialect.MySQL8Dialect
[37m2023-06-07T17:45:10.173+0530[0;39m [39mDEBUG[0;39m [[36mtraceId: [0;39m] [[36msourceIp: [0;39m] [[36muserId: [0;39m] [[32mHikariPool-1 housekeeper[0;39m] [33mc.z.h.p.HikariPool[0;39m::[35m?[0;39m: - HikariPool-1 - Pool stats (total=1, active=0, idle=1, waiting=0)
[37m2023-06-07T17:45:10.254+0530[0;39m [39mDEBUG[0;39m [[36mtraceId: [0;39m] [[36msourceIp: [0;39m] [[36muserId: [0;39m] [[32mHikariPool-1 connection adder[0;39m] [33mc.z.h.p.HikariPool[0;39m::[35m?[0;39m: - HikariPool-1 - Added connection com.mysql.cj.jdbc.ConnectionImpl@1e8cbe2d
[37m2023-06-07T17:45:10.401+0530[0;39m [39mDEBUG[0;39m [[36mtraceId: [0;39m] [[36msourceIp: [0;39m] [[36muserId: [0;39m] [[32mHikariPool-1 connection adder[0;39m] [33mc.z.h.p.HikariPool[0;39m::[35m?[0;39m: - HikariPool-1 - Added connection com.mysql.cj.jdbc.ConnectionImpl@7ea34162
[37m2023-06-07T17:45:10.441+0530[0;39m [39mDEBUG[0;39m [[36mtraceId: [0;39m] [[36msourceIp: [0;39m] [[36muserId: [0;39m] [[32mHikariPool-1 connection adder[0;39m] [33mc.z.h.p.HikariPool[0;39m::[35m?[0;39m: - HikariPool-1 - Added connection com.mysql.cj.jdbc.ConnectionImpl@347f512f
[37m2023-06-07T17:45:10.482+0530[0;39m [39mDEBUG[0;39m [[36mtraceId: [0;39m] [[36msourceIp: [0;39m] [[36muserId: [0;39m] [[32mHikariPool-1 connection adder[0;39m] [33mc.z.h.p.HikariPool[0;39m::[35m?[0;39m: - HikariPool-1 - Added connection com.mysql.cj.jdbc.ConnectionImpl@7aed5b78
[37m2023-06-07T17:45:10.508+0530[0;39m [39mDEBUG[0;39m [[36mtraceId: [0;39m] [[36msourceIp: [0;39m] [[36muserId: [0;39m] [[32mHikariPool-1 connection adder[0;39m] [33mc.z.h.p.HikariPool[0;39m::[35m?[0;39m: - HikariPool-1 - Added connection com.mysql.cj.jdbc.ConnectionImpl@5e626d6a
[37m2023-06-07T17:45:10.543+0530[0;39m [39mDEBUG[0;39m [[36mtraceId: [0;39m] [[36msourceIp: [0;39m] [[36muserId: [0;39m] [[32mHikariPool-1 connection adder[0;39m] [33mc.z.h.p.HikariPool[0;39m::[35m?[0;39m: - HikariPool-1 - Added connection com.mysql.cj.jdbc.ConnectionImpl@5dfab6a8
[37m2023-06-07T17:45:10.569+0530[0;39m [39mDEBUG[0;39m [[36mtraceId: [0;39m] [[36msourceIp: [0;39m] [[36muserId: [0;39m] [[32mHikariPool-1 connection adder[0;39m] [33mc.z.h.p.HikariPool[0;39m::[35m?[0;39m: - HikariPool-1 - Added connection com.mysql.cj.jdbc.ConnectionImpl@55a24ba3
[37m2023-06-07T17:45:10.600+0530[0;39m [39mDEBUG[0;39m [[36mtraceId: [0;39m] [[36msourceIp: [0;39m] [[36muserId: [0;39m] [[32mHikariPool-1 connection adder[0;39m] [33mc.z.h.p.HikariPool[0;39m::[35m?[0;39m: - HikariPool-1 - Added connection com.mysql.cj.jdbc.ConnectionImpl@7003beb3
[37m2023-06-07T17:45:10.653+0530[0;39m [39mDEBUG[0;39m [[36mtraceId: [0;39m] [[36msourceIp: [0;39m] [[36muserId: [0;39m] [[32mHikariPool-1 connection adder[0;39m] [33mc.z.h.p.HikariPool[0;39m::[35m?[0;39m: - HikariPool-1 - Added connection com.mysql.cj.jdbc.ConnectionImpl@1c912af2
[37m2023-06-07T17:45:10.654+0530[0;39m [39mDEBUG[0;39m [[36mtraceId: [0;39m] [[36msourceIp: [0;39m] [[36muserId: [0;39m] [[32mHikariPool-1 connection adder[0;39m] [33mc.z.h.p.HikariPool[0;39m::[35m?[0;39m: - HikariPool-1 - After adding stats (total=10, active=0, idle=10, waiting=0)
[37m2023-06-07T17:45:11.234+0530[0;39m [34mINFO [0;39m [[36mtraceId: [0;39m] [[36msourceIp: [0;39m] [[36muserId: [0;39m] [[32mrestartedMain[0;39m] [33mo.h.e.t.j.p.i.JtaPlatformInitiator[0;39m::[35m?[0;39m: - HHH000490: Using JtaPlatform implementation: [org.hibernate.engine.transaction.jta.platform.internal.NoJtaPlatform]
[37m2023-06-07T17:45:11.244+0530[0;39m [34mINFO [0;39m [[36mtraceId: [0;39m] [[36msourceIp: [0;39m] [[36muserId: [0;39m] [[32mrestartedMain[0;39m] [33mo.s.o.j.LocalContainerEntityManagerFactoryBean[0;39m::[35m?[0;39m: - Initialized JPA EntityManagerFactory for persistence unit 'default'
[37m2023-06-07T17:45:12.390+0530[0;39m [34mINFO [0;39m [[36mtraceId: [0;39m] [[36msourceIp: [0;39m] [[36muserId: [0;39m] [[32mrestartedMain[0;39m] [33mo.s.b.d.a.OptionalLiveReloadServer[0;39m::[35m?[0;39m: - LiveReload server is running on port 35729
[37m2023-06-07T17:45:12.583+0530[0;39m [34mINFO [0;39m [[36mtraceId: [0;39m] [[36msourceIp: [0;39m] [[36muserId: [0;39m] [[32mrestartedMain[0;39m] [33mo.s.b.w.e.n.NettyWebServer[0;39m::[35m?[0;39m: - Netty started on port 7574
[37m2023-06-07T17:45:12.621+0530[0;39m [34mINFO [0;39m [[36mtraceId: [0;39m] [[36msourceIp: [0;39m] [[36muserId: [0;39m] [[32mrestartedMain[0;39m] [33mc.B.S.ShopElectricApplication[0;39m::[35m?[0;39m: - Started ShopElectricApplication in 7.871 seconds (JVM running for 9.309)
[37m2023-06-07T17:45:40.179+0530[0;39m [39mDEBUG[0;39m [[36mtraceId: [0;39m] [[36msourceIp: [0;39m] [[36muserId: [0;39m] [[32mHikariPool-1 housekeeper[0;39m] [33mc.z.h.p.HikariPool[0;39m::[35m?[0;39m: - HikariPool-1 - Pool stats (total=10, active=0, idle=10, waiting=0)
[37m2023-06-07T17:45:40.180+0530[0;39m [39mDEBUG[0;39m [[36mtraceId: [0;39m] [[36msourceIp: [0;39m] [[36muserId: [0;39m] [[32mHikariPool-1 housekeeper[0;39m] [33mc.z.h.p.HikariPool[0;39m::[35m?[0;39m: - HikariPool-1 - Fill pool skipped, pool is at sufficient level.
[37m2023-06-07T17:46:10.181+0530[0;39m [39mDEBUG[0;39m [[36mtraceId: [0;39m] [[36msourceIp: [0;39m] [[36muserId: [0;39m] [[32mHikariPool-1 housekeeper[0;39m] [33mc.z.h.p.HikariPool[0;39m::[35m?[0;39m: - HikariPool-1 - Pool stats (total=10, active=0, idle=10, waiting=0)
[37m2023-06-07T17:46:10.181+0530[0;39m [39mDEBUG[0;39m [[36mtraceId: [0;39m] [[36msourceIp: [0;39m] [[36muserId: [0;39m] [[32mHikariPool-1 housekeeper[0;39m] [33mc.z.h.p.HikariPool[0;39m::[35m?[0;39m: - HikariPool-1 - Fill pool skipped, pool is at sufficient level.
[37m2023-06-07T17:46:40.183+0530[0;39m [39mDEBUG[0;39m [[36mtraceId: [0;39m] [[36msourceIp: [0;39m] [[36muserId: [0;39m] [[32mHikariPool-1 housekeeper[0;39m] [33mc.z.h.p.HikariPool[0;39m::[35m?[0;39m: - HikariPool-1 - Pool stats (total=10, active=0, idle=10, waiting=0)
[37m2023-06-07T17:46:40.183+0530[0;39m [39mDEBUG[0;39m [[36mtraceId: [0;39m] [[36msourceIp: [0;39m] [[36muserId: [0;39m] [[32mHikariPool-1 housekeeper[0;39m] [33mc.z.h.p.HikariPool[0;39m::[35m?[0;39m: - HikariPool-1 - Fill pool skipped, pool is at sufficient level.
[37m2023-06-07T17:47:10.185+0530[0;39m [39mDEBUG[0;39m [[36mtraceId: [0;39m] [[36msourceIp: [0;39m] [[36muserId: [0;39m] [[32mHikariPool-1 housekeeper[0;39m] [33mc.z.h.p.HikariPool[0;39m::[35m?[0;39m: - HikariPool-1 - Pool stats (total=10, active=0, idle=10, waiting=0)
[37m2023-06-07T17:47:10.185+0530[0;39m [39mDEBUG[0;39m [[36mtraceId: [0;39m] [[36msourceIp: [0;39m] [[36muserId: [0;39m] [[32mHikariPool-1 housekeeper[0;39m] [33mc.z.h.p.HikariPool[0;39m::[35m?[0;39m: - HikariPool-1 - Fill pool skipped, pool is at sufficient level.
[37m2023-06-07T17:47:40.186+0530[0;39m [39mDEBUG[0;39m [[36mtraceId: [0;39m] [[36msourceIp: [0;39m] [[36muserId: [0;39m] [[32mHikariPool-1 housekeeper[0;39m] [33mc.z.h.p.HikariPool[0;39m::[35m?[0;39m: - HikariPool-1 - Pool stats (total=10, active=0, idle=10, waiting=0)
[37m2023-06-07T17:47:40.186+0530[0;39m [39mDEBUG[0;39m [[36mtraceId: [0;39m] [[36msourceIp: [0;39m] [[36muserId: [0;39m] [[32mHikariPool-1 housekeeper[0;39m] [33mc.z.h.p.HikariPool[0;39m::[35m?[0;39m: - HikariPool-1 - Fill pool skipped, pool is at sufficient level.
[37m2023-06-07T17:48:10.188+0530[0;39m [39mDEBUG[0;39m [[36mtraceId: [0;39m] [[36msourceIp: [0;39m] [[36muserId: [0;39m] [[32mHikariPool-1 housekeeper[0;39m] [33mc.z.h.p.HikariPool[0;39m::[35m?[0;39m: - HikariPool-1 - Pool stats (total=10, active=0, idle=10, waiting=0)
[37m2023-06-07T17:48:10.189+0530[0;39m [39mDEBUG[0;39m [[36mtraceId: [0;39m] [[36msourceIp: [0;39m] [[36muserId: [0;39m] [[32mHikariPool-1 housekeeper[0;39m] [33mc.z.h.p.HikariPool[0;39m::[35m?[0;39m: - HikariPool-1 - Fill pool skipped, pool is at sufficient level.
